C51 COMPILER V9.60.7.0   DS1302                                                            11/25/2023 12:01:09 PAGE 1   


C51 COMPILER V9.60.7.0, COMPILATION OF MODULE DS1302
OBJECT MODULE PLACED IN .\Objects\DS1302.obj
COMPILER INVOKED BY: D:\keil\C51\BIN\C51.EXE DS1302.c OPTIMIZE(8,SPEED) BROWSE DEBUG OBJECTEXTEND PRINT(.\Listings\DS130
                    -2.lst) OBJECT(.\Objects\DS1302.obj)

line level    source

   1          #include "Global_Variable.h"
   2          
   3          #include <REG52.h>
   4          #include <INTRINS.h>
   5          
   6          sbit SCK=P1^7;          
   7          sbit SDA=P2^3;          
   8          sbit RST = P1^3;   
   9          
  10          void Write_Ds1302_Byte(unsigned  char temp) 
  11          {
  12   1              unsigned char i;
  13   1              for (i=0;i<8;i++)       
  14   1              { 
  15   2                      SCK=0;
  16   2                      SDA=temp&0x01;
  17   2                      temp>>=1; 
  18   2                      SCK=1;
  19   2              }
  20   1      }   
  21          
  22          void Write_Ds1302( unsigned char address,unsigned char dat )     
  23          {
  24   1              RST=0;
  25   1              _nop_();
  26   1              SCK=0;
  27   1              _nop_();
  28   1              RST=1;  
  29   1              _nop_();  
  30   1              Write_Ds1302_Byte(address);     
  31   1              Write_Ds1302_Byte(dat);         
  32   1              RST=0; 
  33   1      }
  34          
  35          unsigned char Read_Ds1302 ( unsigned char address )
  36          {
  37   1              unsigned char i,temp=0x00;
  38   1              RST=0;
  39   1              _nop_();
  40   1              SCK=0;
  41   1              _nop_();
  42   1              RST=1;
  43   1              _nop_();
  44   1              Write_Ds1302_Byte(address);
  45   1              for (i=0;i<8;i++)       
  46   1              {               
  47   2                      SCK=0;
  48   2                      temp>>=1;       
  49   2                      if(SDA)
  50   2                      temp|=0x80;     
  51   2                      SCK=1;
  52   2              } 
  53   1              RST=0;
  54   1              _nop_();
C51 COMPILER V9.60.7.0   DS1302                                                            11/25/2023 12:01:09 PAGE 2   

  55   1              RST=0;
  56   1              SCK=0;
  57   1              _nop_();
  58   1              SCK=1;
  59   1              _nop_();
  60   1              SDA=0;
  61   1              _nop_();
  62   1              SDA=1;
  63   1              _nop_();
  64   1              return (temp);                  
  65   1      }
  66          
  67          
  68          


MODULE INFORMATION:   STATIC OVERLAYABLE
   CODE SIZE        =     93    ----
   CONSTANT SIZE    =   ----    ----
   XDATA SIZE       =   ----    ----
   PDATA SIZE       =   ----    ----
   DATA SIZE        =   ----    ----
   IDATA SIZE       =   ----    ----
   BIT SIZE         =   ----    ----
END OF MODULE INFORMATION.


C51 COMPILATION COMPLETE.  0 WARNING(S),  0 ERROR(S)
