C51 COMPILER V9.60.7.0   DS18B20                                                           11/25/2023 12:01:09 PAGE 1   


C51 COMPILER V9.60.7.0, COMPILATION OF MODULE DS18B20
OBJECT MODULE PLACED IN .\Objects\DS18B20.obj
COMPILER INVOKED BY: D:\keil\C51\BIN\C51.EXE DS18B20.c OPTIMIZE(8,SPEED) BROWSE DEBUG OBJECTEXTEND PRINT(.\Listings\DS18
                    -B20.lst) OBJECT(.\Objects\DS18B20.obj)

line level    source

   1          #include "Global_Variable.h"
   2          
   3          #include "REG52.h" 
   4          #include "INTRINS.h" //_nop_()在此头文件中 #define DQ P14
   5          #include "Timer.h"
   6          
   7          sbit DQ = P1^4;
   8          // 读和写切换时要记得复位一次
   9          
  10          void reset_onewire_bus()
  11          {
  12   1              DQ = 1;
  13   1              Delayus(5);
  14   1              DQ = 0;
  15   1              Delayus(500);
  16   1              DQ = 1;
  17   1      }
  18          
  19          bit onewire_ack()
  20          {
  21   1              bit ack = 0;
  22   1              Delayus(69);
  23   1              ack = DQ;// 0为有一线设备
  24   1              Delayus(500);
  25   1              return ack;
  26   1      }
  27          
  28          void Write_DS18B20_byte(unsigned char dat)
  29          {
  30   1              unsigned char i;
  31   1              for(i = 0; i < 8; i ++)
  32   1              {
  33   2                      DQ = 0;
  34   2                      Delayus(5);
  35   2                      DQ = dat&0X01;
  36   2                      Delayus(60);
  37   2                      dat >>= 1;
  38   2                      DQ = 1;
  39   2              }
  40   1              
  41   1      }
  42          
  43          
  44          
  45          unsigned char Read_DS18B20_byte()
  46          {
  47   1              unsigned char i, received_byte;
  48   1              for(i = 0; i < 8; i ++)
  49   1              {
  50   2                      DQ = 0;
  51   2                      Delayus(5);
  52   2                      DQ = 1;
  53   2                      Delayus(5);
  54   2                      received_byte >>= 1;
C51 COMPILER V9.60.7.0   DS18B20                                                           11/25/2023 12:01:09 PAGE 2   

  55   2                      if(DQ == 1)
  56   2                      {
  57   3                              received_byte |= 0X80; // DQ 从低位到高位输出
  58   3                      }
  59   2                      Delayus(120);
  60   2                      DQ = 1;
  61   2                      Delayus(5);
  62   2              }
  63   1              return received_byte;
  64   1      }
  65          
  66          void init_DS18B20()
  67          {
  68   1              reset_onewire_bus();
  69   1              onewire_ack();
  70   1      }
  71          
  72          float read_temperature()
  73          {
  74   1              unsigned char temh, teml;
  75   1              float temperature;
  76   1              init_DS18B20();
  77   1              Write_DS18B20_byte(0XCC);// 跳过ROM匹配指令
  78   1              Write_DS18B20_byte(0X44);// 启动温度转化指令
  79   1              Delayms(750);// 等待温度转化完成
  80   1              init_DS18B20();
  81   1              Write_DS18B20_byte(0XCC);
  82   1              Write_DS18B20_byte(0XBE);// 写读指令
  83   1              teml = Read_DS18B20_byte();
  84   1              temh = Read_DS18B20_byte();
  85   1              temperature=(int)(temh<<8|teml) * 0.0625;
  86   1              return temperature;
  87   1              
  88   1      }
  89          
  90          
  91          /*  显示温度
  92          
  93          void main()
  94          {
  95                  float temp;
  96                  unsigned int temp_disp;
  97                  Timer0_Init(1000);
  98                  while(1){
  99                          
 100                          if(flag)
 101                          {
 102                                  flag = 0;
 103                                  temp = read_temperature();
 104                                  temp_disp = (int)(temp*100);
 105                                  disp_buf_change(10,10,10,10,temp_disp>=1000?temp_disp/1000:10,temp_disp>=100?temp_disp%1000/100:10,
 106                                  temp_disp%100/10,temp_disp%10);
 107                                  
 108                          }
 109                          
 110                  }
 111          }
 112          
 113          */


MODULE INFORMATION:   STATIC OVERLAYABLE
C51 COMPILER V9.60.7.0   DS18B20                                                           11/25/2023 12:01:09 PAGE 3   

   CODE SIZE        =    214    ----
   CONSTANT SIZE    =   ----    ----
   XDATA SIZE       =   ----    ----
   PDATA SIZE       =   ----    ----
   DATA SIZE        =   ----       5
   IDATA SIZE       =   ----    ----
   BIT SIZE         =   ----       1
END OF MODULE INFORMATION.


C51 COMPILATION COMPLETE.  0 WARNING(S),  0 ERROR(S)
