C51 COMPILER V9.60.7.0   LED                                                               11/25/2023 12:01:09 PAGE 1   


C51 COMPILER V9.60.7.0, COMPILATION OF MODULE LED
OBJECT MODULE PLACED IN .\Objects\Led.obj
COMPILER INVOKED BY: D:\keil\C51\BIN\C51.EXE Led.c OPTIMIZE(8,SPEED) BROWSE DEBUG OBJECTEXTEND PRINT(.\Listings\Led.lst)
                    - OBJECT(.\Objects\Led.obj)

line level    source

   1          #include <STC15F2K60S2.H>
   2          #include "Global_Variable.h"
   3          
   4          void cls_led()
   5          {
   6   1              Y0C;
   7   1              P0=0xff;
   8   1              Y4C;
   9   1              Y0C;
  10   1      }


MODULE INFORMATION:   STATIC OVERLAYABLE
   CODE SIZE        =     18    ----
   CONSTANT SIZE    =   ----    ----
   XDATA SIZE       =   ----    ----
   PDATA SIZE       =   ----    ----
   DATA SIZE        =   ----    ----
   IDATA SIZE       =   ----    ----
   BIT SIZE         =   ----    ----
END OF MODULE INFORMATION.


C51 COMPILATION COMPLETE.  0 WARNING(S),  0 ERROR(S)
