C51 COMPILER V9.60.7.0   TIMER                                                             11/25/2023 12:01:09 PAGE 1   


C51 COMPILER V9.60.7.0, COMPILATION OF MODULE TIMER
OBJECT MODULE PLACED IN .\Objects\Timer.obj
COMPILER INVOKED BY: D:\keil\C51\BIN\C51.EXE Timer.c OPTIMIZE(8,SPEED) BROWSE DEBUG OBJECTEXTEND PRINT(.\Listings\Timer.
                    -lst) OBJECT(.\Objects\Timer.obj)

line level    source

   1          #include "Global_Variable.h"
   2          #include <INTRINS.H>
   3          #include <STC15F2K60S2.H>
   4          #include "Button.h"
   5          #include "Proteus.h"
   6          
   7          void Delayus(unsigned int xus)  //@12.000MHz
   8          {
   9   1              while(xus --)
  10   1              {
  11   2                      _nop_();
  12   2                      _nop_();
  13   2                      _nop_();
  14   2                      _nop_();
  15   2              }
  16   1      }
  17          
  18          void Delayms(unsigned int xms)  //@12.000MHz
  19          {
  20   1              unsigned char data i, j;
  21   1              while(xms --)
  22   1              {
  23   2                      i = 12;
  24   2                      j = 169;
  25   2                      do
  26   2                      {
  27   3                              while (--j);
  28   3                      } while (--i);
  29   2              }
  30   1      }
  31          
  32          void Timer0_Init()
  33          {
  34   1              TMOD |= 0X00; // 设置定时器0工作模式0，16位自动重载
  35   1              TL0 = 0X18; TH0 = 0XFC; // 设置定时器溢出时间为1ms
  36   1              ET0 = 1; // 开启定时器0中断允许
  37   1              EA = 1; // 开启总中断允许
  38   1              TR0 = 1; // 开启定时器0
  39   1              PT0 = 0; // 设置优先级为低优先级
  40   1      }
  41          
  42          void Timer0() interrupt 1    // 1ms中断
  43          {       
  44   1              
  45   1              static unsigned int count100ms = 0, count500ms = 0;
  46   1              if(count100ms ++ == 100)
  47   1              {
  48   2                      read_flag=1;//计时到0.1s时，读标志置为有效。本例第0.1s读取一次时间日期
  49   2                      count100ms=0;
  50   2              }
  51   1              if(count500ms ++ == 500)
  52   1              {
  53   2                      flash_flag=~flash_flag;//闪烁标志每0.5s改变一次，在时间、日期调整时，当前最调整量闪烁
  54   2                      count500ms=0;
C51 COMPILER V9.60.7.0   TIMER                                                             11/25/2023 12:01:09 PAGE 2   

  55   2              }
  56   1              if(key_valid==0)  //按键有效标志无效时才会继续检测按键（此标志在检测到按键有效时置1，按键处理后清0）
  57   1                      key_value=key_scan();//执行按键扫描
  58   1              disp(8);//显示函数每次定时中断都要执行
  59   1      }
  60          
  61          
  62          
  63          
  64          


MODULE INFORMATION:   STATIC OVERLAYABLE
   CODE SIZE        =    170    ----
   CONSTANT SIZE    =   ----    ----
   XDATA SIZE       =   ----    ----
   PDATA SIZE       =   ----    ----
   DATA SIZE        =      4    ----
   IDATA SIZE       =   ----    ----
   BIT SIZE         =   ----    ----
END OF MODULE INFORMATION.


C51 COMPILATION COMPLETE.  0 WARNING(S),  0 ERROR(S)
