C51 COMPILER V9.60.7.0   PRESSKEY                                                          11/21/2023 20:57:55 PAGE 1   


C51 COMPILER V9.60.7.0, COMPILATION OF MODULE PRESSKEY
OBJECT MODULE PLACED IN .\Objects\PressKey.obj
COMPILER INVOKED BY: D:\keil\C51\BIN\C51.EXE PressKey.c OPTIMIZE(8,SPEED) BROWSE INCDIR(D:\Keil\C51\INC\Atmel) DEBUG OBJ
                    -ECTEXTEND PRINT(.\Listings\PressKey.lst) OBJECT(.\Objects\PressKey.obj)

line level    source

   1          #include <REGX52.H>
   2          #include "Tools.h"
   3          // 按键会有（5-10）ms 抖动
   4          // 释放建也有(5-10)ms 抖动
   5          // 只有中间的（20-200）ms 稳定
   6          
   7          void Depend_Key_Read() // 独立按键：P30 P31 P32 P33 
   8          {
   9   1              if(P3_0 == 0)
  10   1              {
  11   2                      Delayms(20);
  12   2                      while(P3_0==0);
  13   2                      Delayms(20);
  14   2                      P0_0 = !P0_0;   
  15   2              }
  16   1      }
  17          
  18          
  19          
  20          


MODULE INFORMATION:   STATIC OVERLAYABLE
   CODE SIZE        =     23    ----
   CONSTANT SIZE    =   ----    ----
   XDATA SIZE       =   ----    ----
   PDATA SIZE       =   ----    ----
   DATA SIZE        =   ----    ----
   IDATA SIZE       =   ----    ----
   BIT SIZE         =   ----    ----
END OF MODULE INFORMATION.


C51 COMPILATION COMPLETE.  0 WARNING(S),  0 ERROR(S)
